1	Bob	_	^	^	_	2	MWE
2	Marley	_	^	^	_	3	_
3	vs	_	V	V	_	0	_
4	James	_	^	^	_	5	MWE
5	Brown	_	^	^	_	6	_
6	mashup	_	N	N	_	7	_
7	will	_	V	V	_	3	_
8	make	_	V	V	_	7	_
9	anyone	_	N	N	_	8	_
10	feel	_	V	V	_	8	_
11	good	_	A	A	_	10	_
12	on	_	P	P	_	11	_
13	a	_	D	D	_	16	_
14	Dance	_	N	N	_	15	MWE
15	Party	_	N	N	_	16	_
16	Saturday	_	N	N	_	12	_
17	on	_	P	P	_	16	_
18	@GTFORadioXXX	_	@	@	_	17	_
19	Goto	_	^	^	_	17	_
20	http://t.co/wxNtkJ4Hty	_	U	U	_	-1	_
21	.	_	,	,	_	-1	_

1	@eddus	_	@	@	_	-1	_
2	We've	_	L	L	_	8	CONJ
3	gone	_	V	V	_	2	_
4	for	_	P	P	_	3	_
5	Hannibal	_	^	^	_	4	_
6	over	_	P	P	_	3	_
7	trash	_	N	N	_	6	_
8	but	_	&	&	_	0	_
9	still	_	R	R	_	8	CONJ
10	,	_	,	,	_	-1	_
11	lazy	_	A	A	_	12	_
12	days	_	N	N	_	9	_
13	!	_	,	,	_	-1	_
14	Am	_	V	V	_	0	_
15	excited	_	A	A	_	14	_
16	to	_	P	P	_	15	_
17	see	_	V	V	_	19	CONJ
18	you	_	O	O	_	17	_
19	and	_	&	&	_	16	_
20	catch	_	V	V	_	19	CONJ
21	up	_	T	T	_	20	MWE
22	tomorrow	_	N	N	_	20	_
23	.	_	,	,	_	-1	_
24	Hello	_	!	!	_	0	_
25	to	_	P	P	_	0	_
26	R	_	V	V	_	25	_
27	.	_	,	,	_	-1	_

1	I	_	O	O	_	2	_
2	hate	_	V	V	_	0	_
3	you	_	O	O	_	2	_
4	@Adobe	_	@	@	_	2	_
5	,	_	,	,	_	-1	_
6	u	_	O	O	_	7	_
7	crash	_	V	V	_	0	_
8	more	_	R	R	_	9	_
9	then	_	R	R	_	7	_
10	any	_	D	D	_	12	_
11	other	_	A	A	_	12	_
12	application	_	N	N	_	9	_
13	Tho	_	P	P	_	12	_
14	@Microsoft	_	@	@	_	15	_
15	office	_	N	N	_	13	_
16	ur	_	L	L	_	21	_
17	close	_	A	A	_	18	_
18	2nd	_	$	$	_	16	_
19	U	_	O	O	_	21	_
20	both	_	O	O	_	21	_
21	can	_	V	V	_	0	_
22	share	_	V	V	_	21	_
23	#firstplace	_	#	#	_	-1	_
24	4	_	P	P	_	22	_
25	my	_	D	D	_	27	_
26	dislike	_	N	N	_	27	_
27	2day	_	N	N	_	24	_
28	.	_	,	,	_	-1	_

1	I'm	_	L	L	_	0	_
2	so	_	R	R	_	3	_
3	excited	_	A	A	_	1	_
4	for	_	P	P	_	3	_
5	the	_	D	D	_	7	_
6	new	_	A	A	_	7	_
7	episode	_	N	N	_	4	_
8	of	_	P	P	_	7	_
9	Hannibal	_	^	^	_	10	_
10	tomorrow	_	N	N	_	8	_
11	*	_	,	,	_	-1	_
12	cries	_	V	V	_	0	_
13	*	_	,	,	_	-1	_
14	.	_	,	,	_	-1	_

1	Seeing	_	V	V	_	0	_
2	videos	_	N	N	_	1	_
3	of	_	P	P	_	2	_
4	them	_	O	O	_	3	_
5	performing	_	V	V	_	4	_
6	at	_	P	P	_	5	_
7	digi	_	^	^	_	6	_
8	has	_	V	V	_	0	_
9	made	_	V	V	_	8	_
10	me	_	O	O	_	9	_
11	excited	_	V	V	_	9	_
12	to	_	P	P	_	11	_
13	see	_	V	V	_	12	_
14	the	_	D	D	_	15	_
15	jacks	_	^	^	_	13	_
16	in	_	P	P	_	13	_
17	November	_	^	^	_	16	_
18	.	_	,	,	_	-1	_

1	Bernie	_	^	^	_	2	MWE
2	Sanders	_	^	^	_	3	_
3	joined	_	V	V	_	0	_
4	a	_	D	D	_	6	_
5	picket	_	N	N	_	6	_
6	line	_	N	N	_	3	_
7	in	_	P	P	_	3	_
8	the	_	D	D	_	9	_
9	sun	_	N	N	_	7	_
10	&	_	&	&	_	6	_
11	after	_	P	P	_	10	CONJ
12	gave	_	V	V	_	11	_
13	a	_	D	D	_	15	_
14	3hr	_	A	A	_	15	_
15	speech	_	N	N	_	12	_
16	.	_	,	,	_	-1	_
17	I'm	_	L	L	_	0	_
18	significantly	_	R	R	_	20	CONJ
19	younger	_	A	A	_	18	_
20	&	_	&	&	_	17	_
21	exhausted	_	V	V	_	20	CONJ
22	from	_	P	P	_	21	_
23	putting	_	V	V	_	22	_
24	groceries	_	N	N	_	23	_
25	away	_	R	R	_	23	_
26	.	_	,	,	_	-1	_

1	@gop_reaper	_	@	@	_	-1	_
2	@ginou1010	_	@	@	_	-1	_
3	Now	_	R	R	_	0	_
4	,	_	,	,	_	-1	_
5	now	_	R	R	_	0	_
6	,	_	,	,	_	-1	_
7	some	_	D	D	_	13	_
8	of	_	P	P	_	7	_
9	them	_	O	O	_	8	_
10	are	_	V	V	_	0	_
11	coming	_	V	V	_	10	_
12	over	_	P	P	_	11	_
13	to	_	P	P	_	11	_
14	support	_	V	V	_	13	_
15	Bernie	_	^	^	_	16	MWE
16	Sanders	_	^	^	_	14	_
17	,	_	,	,	_	-1	_
18	because	_	P	P	_	23	CONJ
19	he	_	O	O	_	20	_
20	makes	_	V	V	_	18	_
21	sense	_	N	N	_	20	_
22	,	_	,	,	_	-1	_
23	but	_	&	&	_	0	_
24	then	_	R	R	_	26	_
25	they	_	O	O	_	26	_
26	may	_	V	V	_	23	CONJ
27	agree	_	V	V	_	26	_
28	?	_	,	,	_	-1	_

1	Even	_	R	R	_	0	_
2	Bernie	_	^	^	_	3	MWE
3	Sanders	_	^	^	_	4	_
4	thinks	_	V	V	_	1	_
5	Cal	_	^	^	_	6	_
6	football	_	N	N	_	7	_
7	isn't	_	V	V	_	4	_
8	getting	_	V	V	_	7	_
9	enough	_	A	A	_	10	_
10	hype	_	N	N	_	8	_
11	.	_	,	,	_	-1	_
12	There's	_	L	L	_	0	_
13	no	_	D	D	_	14	_
14	reason	_	N	N	_	12	_
15	they	_	O	O	_	16	_
16	can't	_	V	V	_	14	_
17	start	_	V	V	_	19	CONJ
18	5-0	_	$	$	_	17	_
19	and	_	&	&	_	16	_
20	finish	_	V	V	_	19	CONJ
21	2nd	_	$	$	_	20	_
22	in	_	P	P	_	20	_
23	the	_	D	D	_	25	_
24	Pac-12	_	^	^	_	25	MWE
25	North	_	^	^	_	22	_
26	.	_	,	,	_	-1	_

1	If	_	P	P	_	0	_
2	Bernie	_	^	^	_	3	MWE
3	Sanders	_	^	^	_	4	_
4	gets	_	V	V	_	1	_
5	elected	_	V	V	_	4	_
6	he'll	_	L	L	_	1	_
7	create	_	V	V	_	6	_
8	2nd	_	$	$	_	9	_
9	depression	_	N	N	_	7	_
10	by	_	P	P	_	7	_
11	high	_	A	A	_	12	_
12	taxes	_	N	N	_	10	_
13	,	_	,	,	_	-1	_
14	outsource	_	V	V	_	0	_
15	jobs	_	N	N	_	14	_
16	,	_	,	,	_	-1	_
17	small	_	A	A	_	18	_
18	businesses	_	N	N	_	19	_
19	collapsing	_	V	V	_	0	_
20	https://t.co/smtMptt8h6	_	U	U	_	-1	_
21	.	_	,	,	_	-1	_

1	Bernie	_	^	^	_	2	MWE
2	Sanders	_	^	^	_	3	_
3	is	_	V	V	_	0	_
4	like	_	P	P	_	3	_
5	your	_	D	D	_	9	_
6	8th	_	A	A	_	9	_
7	grade	_	N	N	_	9	_
8	class	_	N	N	_	9	_
9	president	_	N	N	_	4	_
10	who	_	O	O	_	11	_
11	won	_	V	V	_	0	_
12	the	_	D	D	_	13	_
13	election	_	N	N	_	11	_
14	by	_	P	P	_	11	_
15	campaigning	_	V	V	_	14	_
16	to	_	P	P	_	15	_
17	have	_	V	V	_	16	_
18	3	_	$	$	_	19	_
19	hour	_	N	N	_	20	_
20	recess	_	N	N	_	21	CONJ
21	and	_	&	&	_	17	_
22	free	_	A	A	_	23	_
23	cookies	_	N	N	_	21	CONJ
24	every	_	D	D	_	25	_
25	day	_	N	N	_	17	_
26	.	_	,	,	_	-1	_

1	I	_	O	O	_	2	_
2	told	_	V	V	_	0	_
3	my	_	D	D	_	4	_
4	dad	_	N	N	_	2	_
5	I	_	O	O	_	6	_
6	may	_	V	V	_	2	_
7	vote	_	V	V	_	6	_
8	for	_	P	P	_	7	_
9	Bernie	_	^	^	_	10	MWE
10	Sanders	_	^	^	_	8	_
11	this	_	D	D	_	12	_
12	election	_	N	N	_	13	CONJ
13	&	_	&	&	_	14	_
14	he's	_	L	L	_	2	_
15	literally	_	R	R	_	14	_
16	giving	_	V	V	_	14	_
17	me	_	O	O	_	16	_
18	the	_	D	D	_	20	_
19	silent	_	A	A	_	20	_
20	treatment	_	N	N	_	16	_
21	LOL	_	!	!	_	0	_
22	HEADASS	_	!	!	_	0	_
23	#butthurtaf	_	#	#	_	-1	_
24	.	_	,	,	_	-1	_

1	@nevona	_	@	@	_	-1	_
2	@BernieSanders	_	@	@	_	-1	_
3	I	_	O	O	_	4	_
4	love	_	V	V	_	0	_
5	Bernie	_	^	^	_	6	MWE
6	Sanders	_	^	^	_	4	_
7	,	_	,	,	_	-1	_
8	it's	_	L	L	_	0	_
9	great	_	A	A	_	8	_
10	you're	_	L	L	_	11	_
11	spending	_	V	V	_	8	_
12	your	_	D	D	_	13	_
13	Saturday	_	^	^	_	11	_
14	for	_	P	P	_	11	_
15	his	_	D	D	_	16	_
16	campaign	_	N	N	_	14	_
17	.	_	,	,	_	-1	_

1	the	_	D	D	_	2	_
2	only	_	A	A	_	3	_
3	thing	_	N	N	_	0	_
4	that	_	P	P	_	3	_
5	i	_	O	O	_	6	_
6	am	_	V	V	_	4	_
7	afraid	_	A	A	_	6	_
8	of	_	P	P	_	7	_
9	if	_	P	P	_	8	_
10	bernie	_	^	^	_	11	MWE
11	sanders	_	^	^	_	12	_
12	is	_	V	V	_	9	_
13	president	_	N	N	_	12	_
14	he	_	O	O	_	15	_
15	may	_	V	V	_	0	_
16	die	_	V	V	_	15	_
17	in	_	P	P	_	16	_
18	office	_	N	N	_	17	_
19	.	_	,	,	_	-1	_

1	@DanielWitDaPolo	_	@	@	_	-1	_
2	well	_	!	!	_	0	_
3	you	_	O	O	_	4	_
4	may	_	V	V	_	0	_
5	have	_	V	V	_	4	_
6	noticed	_	V	V	_	5	_
7	that	_	O	O	_	6	_
8	Bernie	_	^	^	_	9	MWE
9	Sanders	_	^	^	_	10	_
10	doesn't	_	V	V	_	4	_
11	slander	_	V	V	_	10	_
12	other	_	A	A	_	13	_
13	politicians	_	N	N	_	11	_
14	.	_	,	,	_	-1	_
15	He's	_	L	L	_	0	_
16	never	_	R	R	_	17	_
17	ran	_	V	V	_	15	_
18	a	_	D	D	_	20	_
19	negative	_	A	A	_	20	_
20	campaign	_	N	N	_	17	_
21	.	_	,	,	_	-1	_
22	:)	_	E	E	_	-1	_

1	Bernie	_	^	^	_	2	MWE
2	Sanders	_	^	^	_	3	_
3	may	_	V	V	_	7	CONJ
4	be	_	V	V	_	3	_
5	extreme	_	A	A	_	4	_
6	,	_	,	,	_	-1	_
7	but	_	&	&	_	0	_
8	he	_	O	O	_	10	_
9	honestly	_	R	R	_	10	_
10	seems	_	V	V	_	7	CONJ
11	to	_	P	P	_	10	_
12	despise	_	V	V	_	11	_
13	poverty	_	N	N	_	12	_
14	,	_	,	,	_	-1	_
15	racism	_	N	N	_	24	CONJ
16	,	_	,	,	_	-1	_
17	discrimination	_	N	N	_	24	CONJ
18	,	_	,	,	_	-1	_
19	war	_	N	N	_	24	CONJ
20	,	_	,	,	_	-1	_
21	income	_	N	N	_	22	MWE
22	inequality	_	N	N	_	24	CONJ
23	,	_	,	,	_	-1	_
24	&	_	&	&	_	0	_
25	corrupt	_	A	A	_	26	_
26	politics	_	N	N	_	24	CONJ
27	.	_	,	,	_	-1	_

1	@jmilam71591	_	@	@	_	-1	_
2	@DCComics	_	@	@	_	-1	_
3	I	_	O	O	_	4	_
4	hate	_	V	V	_	0	_
5	that	_	P	P	_	4	_
6	they	_	O	O	_	7	_
7	have	_	V	V	_	5	_
8	about	_	P	P	_	7	_
9	3-4	_	$	$	_	11	_
10	active	_	A	A	_	11	_
11	universes	_	N	N	_	7	_
12	around	_	P	P	_	7	_
13	.	_	,	,	_	-1	_
14	Also	_	R	R	_	0	_
15	,	_	,	,	_	-1	_
16	having	_	V	V	_	0	_
17	to	_	P	P	_	16	_
18	take	_	V	V	_	17	_
19	from	_	P	P	_	18	_
20	batman's	_	Z	Z	_	21	_
21	villain	_	N	N	_	19	_
22	stable	_	A	A	_	18	_
23	?	_	,	,	_	-1	_
24	C'mon	_	!	!	_	0	_
25	.	_	,	,	_	-1	_

1	Neymar	_	^	^	_	2	_
2	was	_	V	V	_	0	_
3	always	_	R	R	_	4	_
4	gonna	_	V	V	_	2	_
5	be	_	V	V	_	4	_
6	something	_	N	N	_	5	_
7	special	_	A	A	_	5	_
8	.	_	,	,	_	-1	_
9	I	_	O	O	_	11	_
10	honestly	_	R	R	_	11	_
11	hate	_	V	V	_	0	_
12	his	_	D	D	_	13	_
13	role	_	N	N	_	11	_
14	at	_	P	P	_	13	_
15	Barca	_	^	^	_	14	_
16	,	_	,	,	_	-1	_
17	he	_	O	O	_	18	_
18	might	_	V	V	_	22	CONJ
19	be	_	V	V	_	18	_
20	good	_	A	A	_	19	_
21	,	_	,	,	_	-1	_
22	but	_	&	&	_	0	_
23	he	_	O	O	_	24	_
24	has	_	V	V	_	22	CONJ
25	to	_	P	P	_	24	_
26	play	_	V	V	_	25	_
27	2nd	_	$	$	_	28	_
28	fiddle	_	N	N	_	26	_
29	to	_	P	P	_	26	_
30	Messi	_	^	^	_	29	_
31	.	_	,	,	_	-1	_

1	@action_earth	_	@	@	_	-1	_
2	@Wary12	_	@	@	_	-1	_
3	@URGENTPODR	_	@	@	_	-1	_
4	you	_	O	O	_	5	_
5	should	_	V	V	_	0	_
6	use	_	V	V	_	5	_
7	google+	_	^	^	_	6	_
8	for	_	P	P	_	6	_
9	this	_	O	O	_	8	_
10	.	_	,	,	_	-1	_
11	The	_	D	D	_	12	_
12	results	_	N	N	_	13	_
13	may	_	V	V	_	0	_
14	surprise	_	V	V	_	13	_
15	you	_	O	O	_	14	_
16	.	_	,	,	_	-1	_

1	UK	_	^	^	_	2	_
2	members	_	N	N	_	0	_
3	:	_	,	,	_	-1	_
4	You	_	O	O	_	5	_
5	may	_	V	V	_	0	_
6	be	_	V	V	_	5	_
7	interested	_	A	A	_	6	_
8	in	_	P	P	_	6	_
9	this	_	D	D	_	12	_
10	evening's	_	S	S	_	12	_
11	BBC	_	^	^	_	12	_
12	documentary	_	N	N	_	8	_
13	on	_	P	P	_	12	_
14	the	_	D	D	_	15	_
15	history	_	N	N	_	13	_
16	of	_	P	P	_	15	_
17	@OrdnanceSurvey	_	@	@	_	-1	_
18	.	_	,	,	_	-1	_
19	http://t.co/WES4vRuoVG	_	U	U	_	-1	_
20	#Surveyors	_	#	#	_	-1	_
21	.	_	,	,	_	-1	_

1	@therealgokwan	_	@	@	_	-1	_
2	what	_	O	O	_	4	_
3	I	_	O	O	_	4	_
4	hate	_	V	V	_	0	_
5	is	_	V	V	_	4	_
6	when	_	R	R	_	4	_
7	the	_	D	D	_	8	_
8	sun	_	^	^	_	9	_
9	brings	_	V	V	_	6	_
10	out	_	P	P	_	9	_
11	the	_	D	D	_	12	_
12	men	_	N	N	_	9	_
13	who	_	O	O	_	14	_
14	think	_	V	V	_	12	_
15	they	_	O	O	_	16	_
16	look	_	V	V	_	20	CONJ
17	like	_	P	P	_	16	_
18	David	_	^	^	_	19	MWE
19	Beckham	_	^	^	_	17	_
20	but	_	&	&	_	0	_
21	dont	_	V	V	_	20	CONJ
22	..	_	,	,	_	-1	_
23	put	_	V	V	_	0	_
24	it	_	O	O	_	23	_
25	away	_	R	R	_	23	_
26	!!	_	,	,	_	-1	_

1	Happy	_	A	A	_	2	_
2	wacky	_	A	A	_	3	_
3	Wednesday	_	^	^	_	4	_
4	everyone	_	N	N	_	0	_
5	!	_	,	,	_	-1	_
6	Here's	_	L	L	_	0	_
7	a	_	D	D	_	10	_
8	crazy	_	A	A	_	10	_
9	car	_	N	N	_	10	_
10	fact	_	N	N	_	6	_
11	that	_	P	P	_	10	_
12	might	_	V	V	_	11	_
13	surprise	_	V	V	_	12	_
14	you	_	O	O	_	13	_
15	:	_	,	,	_	-1	_
16	Volkswagen	_	^	^	_	17	_
17	owns	_	V	V	_	0	_
18	Bentley	_	^	^	_	17	_
19	,...	_	,	,	_	-1	_
20	http://t.co/yASsQUHMd9	_	U	U	_	-1	_
21	.	_	,	,	_	-1	_

1	"	_	,	,	_	-1	_
2	@RevRunWisdom	_	@	@	_	-1	_
3	:	_	~	~	_	-1	_
4	not	_	R	R	_	5	_
5	afraid	_	A	A	_	0	_
6	of	_	P	P	_	5	_
7	tomorrow	_	N	N	_	6	_
8	,	_	,	,	_	-1	_
9	for	_	P	P	_	14	CONJ
10	I	_	O	O	_	11	_
11	have	_	V	V	_	0	_
12	seen	_	V	V	_	11	_
13	yesterday	_	N	N	_	12	_
14	and	_	&	&	_	0	_
15	I	_	O	O	_	16	_
16	love	_	V	V	_	14	CONJ
17	today	_	N	N	_	16	_
18	#less	_	A	A	_	16	_
19	"	_	,	,	_	-1	_

1	@RevRunWisdom	_	@	@	_	-1	_
2	tells	_	V	V	_	0	_
3	us	_	O	O	_	2	_
4	that	_	P	P	_	2	_
5	we've	_	L	L	_	4	_
6	sacrificed	_	V	V	_	5	_
7	more	_	A	A	_	6	_
8	than	_	P	P	_	7	_
9	others	_	N	N	_	8	_
10	.	_	,	,	_	-1	_
11	tells	_	V	V	_	0	_
12	us	_	O	O	_	11	_
13	it's	_	L	L	_	11	_
14	time	_	N	N	_	13	_
15	2	_	P	P	_	14	_
16	worry	_	V	V	_	15	_
17	about	_	P	P	_	16	_
18	the	_	D	D	_	19	_
19	future	_	N	N	_	17	_
20	.	_	,	,	_	-1	_
21	Luke	_	^	^	_	0	_
22	9:3	_	$	$	_	21	MWE

1	Not	_	R	R	_	2	_
2	surprised	_	V	V	_	0	_
3	David	_	^	^	_	4	MWE
4	Beckham	_	^	^	_	5	_
5	is	_	V	V	_	2	_
6	2nd	_	R	R	_	7	_
7	highest	_	A	A	_	5	_
8	earning	_	V	V	_	5	_
9	former	_	A	A	_	10	_
10	athlete	_	N	N	_	8	_
11	,	_	,	,	_	-1	_
12	every	_	D	D	_	13	_
13	country	_	N	N	_	0	_
14	in	_	P	P	_	13	_
15	the	_	D	D	_	16	_
16	world	_	N	N	_	14	_
17	I	_	O	O	_	18	_
18	go	_	V	V	_	16	_
19	to	_	P	P	_	18	_
20	his	_	D	D	_	22	_
21	fucking	_	A	A	_	22	_
22	balls	_	N	N	_	23	_
23	are	_	V	V	_	19	_
24	in	_	P	P	_	23	_
25	my	_	D	D	_	26	_
26	face	_	N	N	_	24	_

1	Don't	_	V	V	_	0	_
2	worry	_	V	V	_	1	_
3	Paul	_	^	^	_	4	MWE
4	Dunne	_	^	^	_	5	_
5	will	_	V	V	_	2	_
6	slap	_	V	V	_	5	_
7	it	_	O	O	_	6	_
8	around	_	P	P	_	6	_
9	78	_	$	$	_	10	_
10	times	_	N	N	_	11	_
11	tomorrow	_	N	N	_	6	_

1	I	_	O	O	_	2	_
2	remember	_	V	V	_	0	_
3	you	_	O	O	_	2	_
4	.	_	,	,	_	-1	_
5	This	_	D	D	_	6	_
6	feeling	_	V	V	_	10	_
7	isn't	_	V	V	_	6	_
8	new	_	A	A	_	7	_
9	.	_	,	,	_	-1	_
10	So	_	P	P	_	0	_
11	please	_	V	V	_	10	_
12	don't	_	V	V	_	11	_
13	be	_	V	V	_	12	_
14	scared	_	A	A	_	13	_
15	of	_	P	P	_	14	_
16	me	_	O	O	_	15	_
17	.	_	,	,	_	-1	_

1	I	_	O	O	_	2	_
2	love	_	V	V	_	0	_
3	seeing	_	V	V	_	2	_
4	all	_	X	X	_	5	_
5	the	_	D	D	_	7	_
6	Christmas	_	^	^	_	7	_
6	Christmas	_	^	^	_	7	_
7	lights	_	N	N	_	3	_
8	:)	_	E	E	_	-1	_

