Some people are so narrow-minded that they have to stack their prejudices vertically! Can you spell #GOP, #Fox #RWNJ, #NRA ??? #p2 #CTL
In the mormon house, a woman has the right to scoot over to let the next wife in the bed. #obama #GOP #follow #akin
@TheDailyShow played Mitt clips I hadn't seen. OMG it's so much worse than I thought. #Election2012 #sayuncle
Probably because I'm older &amp understand more but the speeches the 1st Lady &amp President Clinton gave were phenomenal. #4MoreYears #Obama
@Motter241 lol now I hope Mr Romney gets voted in so a year from now when were in the same shitty economic position I can say 'i told ya so'
once again 140 characters are not enough. i want to rant about how shitty romney is as a candidate and as a person.
wasted vote would be for #obama #romney or #ronpaul write-in. #GARYJONSON2012 he's on the ballot and he's not older than dirt.
Probably because I'm older &amp understand more but the speeches the 1st Lady &amp President Clinton gave were phenomenal. #4MoreYears #Obama
@davidaxelrod for me this election is about good VS evil,.and Obama is evil incarnate and so are you and the rest of you Communists.
@BettyMWhite How can u support that shitty president Obama? Are you all that stupid in California and New York!!
Probably because I'm older &amp understand more but the speeches the 1st Lady &amp President Clinton gave were phenomenal. #4MoreYears #Obama
once again 140 characters are not enough. i want to rant about how shitty romney is as a candidate and as a person.
The 'dear daughter' Romney ads really piss me off. Hey #RomneyRyan its the 21st century, not all women choose to have children!
I fuck with Boosie Boo..I cant vote for Romney tho..these chicks need this assistance let them live.
@TheDailyShow played Mitt clips I hadn't seen. OMG it's so much worse than I thought. #Election2012 #sayuncle
Some people are so narrow-minded that they have to stack their prejudices vertically! Can you spell #GOP, #Fox #RWNJ, #NRA ??? #p2 #CTL
The 'dear daughter' Romney ads really piss me off. Hey #RomneyRyan its the 21st century, not all women choose to have children!
once again 140 characters are not enough. i want to rant about how shitty romney is as a candidate and as a person.
@davidaxelrod for me this election is about good VS evil,.and Obama is evil incarnate and so are you and the rest of you Communists.
Probably because I'm older &amp understand more but the speeches the 1st Lady &amp President Clinton gave were phenomenal. #4MoreYears #Obama
The 'dear daughter' Romney ads really piss me off. Hey #RomneyRyan its the 21st century, not all women choose to have children!
@Motter241 lol now I hope Mr Romney gets voted in so a year from now when were in the same shitty economic position I can say 'i told ya so'
I fuck with Boosie Boo..I cant vote for Romney tho..these chicks need this assistance let them live.
@Motter241 lol now I hope Mr Romney gets voted in so a year from now when were in the same shitty economic position I can say 'i told ya so'
@davidaxelrod for me this election is about good VS evil,.and Obama is evil incarnate and so are you and the rest of you Communists.
In the mormon house, a woman has the right to scoot over to let the next wife in the bed. #obama #GOP #follow #akin
wasted vote would be for #obama #romney or #ronpaul write-in. #GARYJONSON2012 he's on the ballot and he's not older than dirt.
@henryburchett blacks, Hispanics, non-Christians, gays, take your pick. The poor and other minorities will have it worse under Romney.
In the mormon house, a woman has the right to scoot over to let the next wife in the bed. #obama #GOP #follow #akin
@Motter241 lol now I hope Mr Romney gets voted in so a year from now when were in the same shitty economic position I can say 'i told ya so'
@BettyMWhite How can u support that shitty president Obama? Are you all that stupid in California and New York!!
The 'dear daughter' Romney ads really piss me off. Hey #RomneyRyan its the 21st century, not all women choose to have children!
wasted vote would be for #obama #romney or #ronpaul write-in. #GARYJONSON2012 he's on the ballot and he's not older than dirt.
In the mormon house, a woman has the right to scoot over to let the next wife in the bed. #obama #GOP #follow #akin
@davidaxelrod for me this election is about good VS evil,.and Obama is evil incarnate and so are you and the rest of you Communists.
Probably because I'm older &amp understand more but the speeches the 1st Lady &amp President Clinton gave were phenomenal. #4MoreYears #Obama
The 'dear daughter' Romney ads really piss me off. Hey #RomneyRyan its the 21st century, not all women choose to have children!
@henryburchett blacks, Hispanics, non-Christians, gays, take your pick. The poor and other minorities will have it worse under Romney.
Probably because I'm older &amp understand more but the speeches the 1st Lady &amp President Clinton gave were phenomenal. #4MoreYears #Obama
@BettyMWhite How can u support that shitty president Obama? Are you all that stupid in California and New York!!
In the mormon house, a woman has the right to scoot over to let the next wife in the bed. #obama #GOP #follow #akin
I fuck with Boosie Boo..I cant vote for Romney tho..these chicks need this assistance let them live.
@Motter241 lol now I hope Mr Romney gets voted in so a year from now when were in the same shitty economic position I can say 'i told ya so'
Some people are so narrow-minded that they have to stack their prejudices vertically! Can you spell #GOP, #Fox #RWNJ, #NRA ??? #p2 #CTL
wasted vote would be for #obama #romney or #ronpaul write-in. #GARYJONSON2012 he's on the ballot and he's not older than dirt.
MT @TheFreds In your face Romney! #olymics2012 #paralympics the most successful games ever. &gt And that would be mouldy custard pie in face
Whose crap do you think smells worse, #Romney or #Obama ?
RIP plastic bitch u won't be missed sincerely, Directioners, Beliebers, Chuck Norris, Obama, Aliens, and any other life form known to man.
Whose crap do you think smells worse, #Romney or #Obama ?
I wish we could swap our shitty twatty bastards for obama!!! #Obama !!! Government is a joke in britain!!!
If Romneys elected and doesnt do a damn thing, people cant attack him like they can obama because Mitt didnt say he was going to do anything
@kackijeane it would be a lot worse under Romney and Ryan. You can thank G.W. for this mess anyway
If Romneys elected and doesnt do a damn thing, people cant attack him like they can obama because Mitt didnt say he was going to do anything
RIP plastic bitch u won't be missed sincerely, Directioners, Beliebers, Chuck Norris, Obama, Aliens, and any other life form known to man.
i cant wait for the obama/romney debate. mittens will get destroyed.
So wait, Romney's ad says our economy sucks cuz China steals our ideas and its Obama's fault? Our shitty GDP has nothing to do with it? Oh
So wait, Romney's ad says our economy sucks cuz China steals our ideas and its Obama's fault? Our shitty GDP has nothing to do with it? Oh
If Romneys elected and doesnt do a damn thing, people cant attack him like they can obama because Mitt didnt say he was going to do anything
RIP plastic bitch u won't be missed sincerely, Directioners, Beliebers, Chuck Norris, Obama, Aliens, and any other life form known to man.
MT @TheFreds In your face Romney! #olymics2012 #paralympics the most successful games ever. &gt And that would be mouldy custard pie in face
Oh great! We got 2 shitty ppl runny for #president. I wont vote for romney or obama! Thy both aint shit!
. @BarackObama FACT Obama's policies prevented them from finding gainful employment. #obama #p2 #fail
@EvanYar anyone who disagrees with pro-choice should go back to 1960 Jim Crowe laws... Then again most #republicans would probably like that
@kackijeane it would be a lot worse under Romney and Ryan. You can thank G.W. for this mess anyway
I wish we could swap our shitty twatty bastards for obama!!! #Obama !!! Government is a joke in britain!!!
i cant wait for the obama/romney debate. mittens will get destroyed.
Whose crap do you think smells worse, #Romney or #Obama ?
RIP plastic bitch u won't be missed sincerely, Directioners, Beliebers, Chuck Norris, Obama, Aliens, and any other life form known to man.
. @BarackObama FACT Obama's policies prevented them from finding gainful employment. #obama #p2 #fail
@EvanYar anyone who disagrees with pro-choice should go back to 1960 Jim Crowe laws... Then again most #republicans would probably like that
. @BarackObama FACT Obama's policies prevented them from finding gainful employment. #obama #p2 #fail
If Romneys elected and doesnt do a damn thing, people cant attack him like they can obama because Mitt didnt say he was going to do anything
@kackijeane it would be a lot worse under Romney and Ryan. You can thank G.W. for this mess anyway
Oh great! We got 2 shitty ppl runny for #president. I wont vote for romney or obama! Thy both aint shit!
Please do NOT vote for an oligarchic plutocrat with sociopathic tendancies, and don't vote for #Romney, either.
So wait, Romney's ad says our economy sucks cuz China steals our ideas and its Obama's fault? Our shitty GDP has nothing to do with it? Oh
i cant wait for the obama/romney debate. mittens will get destroyed.
Please do NOT vote for an oligarchic plutocrat with sociopathic tendancies, and don't vote for #Romney, either.
MT @TheFreds In your face Romney! #olymics2012 #paralympics the most successful games ever. &gt And that would be mouldy custard pie in face
Oh great! We got 2 shitty ppl runny for #president. I wont vote for romney or obama! Thy both aint shit!
@Mittromney is like someone competing in the special Olympics, even if he wins he's still mentally retarded #election #whataclown
MT @TheFreds In your face Romney! #olymics2012 #paralympics the most successful games ever. &gt And that would be mouldy custard pie in face
So wait, Romney's ad says our economy sucks cuz China steals our ideas and its Obama's fault? Our shitty GDP has nothing to do with it? Oh
@EvanYar anyone who disagrees with pro-choice should go back to 1960 Jim Crowe laws... Then again most #republicans would probably like that
Oh great! We got 2 shitty ppl runny for #president. I wont vote for romney or obama! Thy both aint shit!
