@mizmers bahahahaha so many things i could say... RT @danecook: I just shit my pants. Pure 100% gravy.
Even if you're bad @ something, i cant knock you if you try. 1/2 the time, those ppl are the 1s that love it the most. Don't kill their
Decemeber 17th!!!!!!! COME ON, good night, cant wait
The world didnt give it and the world cant take it away
sleepy time. cant wait to work with @tbisek tomorrow, considering her days are numbered #dontwannathinkaboutit
words cant even describe how i feel right nowww! #mad #cmonguys
bawling my eyes out and curled up....i have never felt this sick so far
After all that ive been through I still have  The joy of the Lord is my strength. The devil cant steal my joy. #Joy. GM TWEEPS!!!!
Loves talking  to my mom andd aunt abouut my summer romance with an older man #KindaFunny
@proudbelieber16 yeah except for me its Kenny running around frantically trying to find me coz Justin is hiding coz its a :P
@FLYboi_ROB is that how the kids visiting Penn State felt? -- Damn near piss my pants kicking it wit @KyletheYeti and @fattymattychady
Cubiclenama by @sidin is what Bill Bryson is for travelogues. 3S - Sharp, skeptic and sarcastic.
Why would i nap from 8-830...cant sleep now and have to wake for a track meet in 6 hours...
Off to the hospital ! Then gonna have a nosy around NEXT for a swish suit :) #woop
... for remember, fear doesn't exist anywhere except in the mind.&quot; - Dale Carnegie
alot of ppl r sad that their brother is going to college &amp; leaving them...... well im sad i cant sell my brother on e-bay.... shit
Well its half 2 in the morning and cant sleep
It's me, and one other lady in the office today -_- cant I just work from home?
looks like its  again, maybe it will snow enough so we can have a snow day.. Oh wait Im an adult now.
My new bus friend smells like soggy McDonald's fries and axe body spray. He's also an elbowy gent of roughly 300 pounds.
Yeah day just got worse...
Lmao RT @danecook: I just shit my pants. Pure 100% gravy.
&amp; so the Xmas drinks season begins, there's several functions on every night between now &amp; Xmas
@4sqSupport Will you backdate city badges soon? I did my massive Europe tour with check-ins last year.
You know you're having a shitty day when your profile picture stops moving...
@goldenblades91 @BerticusMaximus it is exciting. except, yerno, I haven't finished my essay or my translation.
I hate it when I cant help someone when they feel sad. It makes me sad.
@shuhaidahh i dn't even get wat actually happen.i just felt useless nw.
The  advert is possibly the most annoying thing on Tv. Makes me run up to the twat and clatter him.
Did you write that? Bro, you can post some of my tweets as your own. I don't mind. RT@DaneCook: I just shit my pants. Pure 100% gravy.
Had the BEST Thanksgiving in a while. Well except for the part where my cousin-in-law's gram died. You will be greatly missed Gram!
Only 5mins on the bus &amp; there's scumbags shouting about having to fold their buggy up &amp; the guy in front of me smells of egg fart
I thhink its funny @ThatBoyDMcKee will call me bout the lakers but wont answer when we tryna hoop hmm
@OMcGee82 I felt fine this morning, blatantly due to still being pissed, then my condition rapidly deteriorated.
@paulkclews very true, and it's only going to get worse tomorrow!
Good morning Twiterland, we are here! Sending you  #compassion #peace to all.  Happy Furday :) *purr*
Nothing hurts @ndamukong_suh worse than taking away what he loves to do most...Put in quarterbacks on Sunday. #Lions
Note to self. Complaining about things at work, always makes it worse! Oh look. We got flooded cause a pipe burst!
Not a good few days by any means  #sadness #heartbreak never felt so alone in my entire life compared to right now…. #wtf #fml
Today was actually a pretty alright day! Selling my DS and games tomorrow so I can buy his christmas present :)
WHY cant u get normal chocolate M&amp;Ms at the cinema anymore?!
@Lol_ThatsBri right..her lips looked bout crusty as a pie edge.
Got crap load of junk I think my feel are swollen
Mediate on this: the Lord your God will NEVER leave you nor forsake you... rest assured.. Brings uncontainable unshakable
@Roberick_Pena @LuisDaniel21 no fue una amiga de ustedes que se cago?  RT @danecook: I just shit my pants. Pure 100% gravy.
I'm gonna start going to bed early so that my good day doesn't have time to turn into a bad night  #lovemylife #sarcasm
Wow it's 11 already?? Getting to bed early so I can wake up and study all day tomorrow
“@travelligence: @bubbly_ank hmmm. Cannot be defined. Intensity can only be felt. It can also be released. Like a pressure cooker”
hahahahahRT @danecook: I just shit my pants. Pure 100% gravy.
I feel old. I don't recognize any Disney Channel shows and now I'm older than most of the stars.  #childhood
The only thing worse than a skinny chick who think she's fat, is a skinny chick who think she's thick!!! Smh.
He told me he was  with me. told me not to tell him I felt those butterflies too.
Wow, I feel worse today. #happiness #istillhavetogotofuckingschool
My dad took the ipod in the beginning of my gift and my curse. Since its pandora i cant get it back.
eww RT @danecook: I just shit my pants. Pure 100% gravy.
just put cheese slices on toast, melted under the grill, with beans and scrambled egg!
shit nabura lht ng files ko sa USB ksama pa nmn dun ung mga pics ng  =(( un
A now has a new trick to get out of sleeping. &quot;I go potty.&quot;
“@YMBS_MULA ok i still cant find my car max building up”
Surprising my sister in buffalo for her 21st birthday!! I love the
I am so pissed off with work today that if I had a gun right now, I'd go on a killing spree and then shoot myself.
Cant sport my Chargers hat til next august now #seasonisover #GoTebow
A 4h du mat, ma xbox360 m'a fait un pseudo Red Ring... En fait le disque dur était plus reconnu, et il empêchait le démarrage!
@minisouthafrica Wed 21st. Too late for my next trip.
you cant buy you have to #enjoy everything in life for #free to #recieve it #WORD2GOD on a #Sunday #Gospel aka #Delianovision #IASO
@treasurepeace @jesslejuillet plz dun tell to Jay who disclosed this ep (jk ekekekekeke)
Expressing anger is not getting it out of your system but feeding it. Only understanding &amp;  can neutralise #dharmaoftheday
In car with an uncle, he sneezes the loudest I've ever heard. The car started smelling like sneeze, couldn't stop gagging.
@_John_Henson_ nothing worse then a negative KD ratio
I have a that one day I'm going to sit to pee and something's going to bite my ass, or worse my twat. #anaconda #fuckthatshit
@MarkWHUFC @loubeatles like a magician she jus vanishes maybe i shunt have told roofy on fb who the new one was haha
A cousin keeps telling me education past high school is a sham. Too bad he cant spell or make an argument correctly.
…and, Hark, these Herald Angels Sing: @Carole_King is duetting with the fantabulous @Puppini_Sisters, 23rd Dec on BBC4's Easy Christmas
I cant stand a fake ass bitch/nigga...ugh...
If you really want to startle your barber, teach yourself how to completely undress underneath those cloaks during a haircut.
Lekkere pasta maaltijd op, even opfrissen, en dan is het heerlijk avondje gekomen.  bij schoonzus, zwager &amp; kids.
Currently eating the worse oatmeal ever... #fb
Cut from work.. Would normally be pissed but I have mucho studying to do
@WojYahooNBA can stern be ousted? This is ridiculous. Lockout didn't turn me off as fan, but this is beyond. Much worse IMO.
@JoeyRation Religious?!!! Hah!! That's fake bull-shit!! And condemning taboos never made any difference but made things worse!!
One of the worst feelings in the world: finally admitting you've lost that summery glow. Hello pale winter.
Wow....I'm in a shitty mood today
ew,, i thought you dont wear one RT @danecook: I just shit my pants. Pure 100% gravy.
This reminds me of something @adolfooseguera would say RT @danecook: I just shit my pants. Pure 100% gravy.
 I felt bad for HUMPTY DUMPTY when i was little. They never put him back together!
Listening to some older punk, including one of my favs, FEAR. amazed at how  the lyrics, which are 30 yrs old are still relevant today
Every time I post several Conservative Tweets in a row I lose followers. Well you know what I say about that? Good riddance!
I LOVE YOU @mynameisnoaf &amp; @Aliyah85  I am so excited for the friday .. U DEFENITELY know how to amaze me, surely luv you girls ♥
Feel worse than I did before and I cant get back to sleep #itsgonnabealongnight
@michaelbuble I love so much that youre a  &lt;3 &lt;3 &lt;3 cant stop listening to &quot;christmas, baby please come home&quot;.
I hate it when I catch a wiff of someone elses fart.....
@luckimundi kinda sad u made twitter.. now i cant beak you cause I'm afraid you'll read it. #fuck #pplonfacebookmaketwitter #screwyou
So pissed sound screwed up during @djmattmurdock 's set. #lets start a riot
@JakeStHilaire sometime this weekend :D Everything's been pretty crazy lately and now that the Bistro opened back up it's getting worse
if your heart is filled with faith then you cant let go an let #God deal with it!
yo i really cant stop laughing lol i never had micro's before those shits are to me i like my edges too much to get those braids
RT: @danecook: I just shit my pants. Pure 100% gravy.
@TheBodyShopUK easy! When my autistic son is having a cuddly day (had one yesterday), so much  :-D
I feel like crying now like i wish u knew how i felt rite now
@TheBodyShopUK Sitting in a cosy bar with my lovely husband, watching the busy world go by
just cant wait for this book talk tomorrow . haven't even finished the book yet .
@myfoxla you are reporting on the basis of please stop trying to place #fear into viewers. It's &quot;uncool&quot;. #occupyla #ows
&amp; tomorrow will be even worse. I feel sorry for the person I take my out on!
I cant belive that i wont see and have news from @30SECONDSTOMARS for a long time!
3 week Facebook deactivation + my lack of iphone (shitty BB pearl) = me dead to the world. Going into withdrawals soon
The best way to cure is be #happy!!! People need to stop moping its not that bad u could be worse off. All this #WorkAgain shit.
-- I swear I hate this damn Kmart, it smells like those cheap ass shoes, the strong smelling plastic ones
Jesus! lmao RT @danecook : I just shit my pants. Pure 100% gravy.
@MDotManolo @raidersrbacbaby  @the_architect44 Woman like @w1ldfl0wer are a perfect 10 then others come in here looking busted.
Hahaha @maxdw21 RT @danecook: I just shit my pants. Pure 100% gravy.
I get lightheaded whenever they show surgical procedures on TV, my knees start to hurt, eyes squint, stomach turns, I'm such a pussy.
My suite mates shits smell worse then @csonn4221 does
cant wait to be done with school until after thanksgiving. one day and 4 tests...
i cant believe i spent an entire 9 days in mesa and only saw @toria_renae for like 5 minutes #imissher
Gonna wait for the next  and include some of the older challenges that include pirates and ghosts.
Time to tidy the messing office!
Really good time at the HWPA Awards today - home safe and sound, and not actually feeling too wrecked!!
For some reason while running on the treadmill I keep seeing @hwinkler4real's mortgage commercials, and I am refreshed. @CovinoandRich
i hate when im looking for my asians and i cant find them in all their usual spots #mylifelackssashimi
Fear Factor:  can strip your #prayers of any #power, or even worse, cancel them out altogether.
Is snotty, achey and has a cough like a dog and now am going to an ICT course #lowexpectations
It's 8 o'clock and I lost my gum I am pissed
When you have to get up to get off the bus but you got comfy in your spot :'(
I gag in mouth mouth a little when I see you.
Just felt an unborn baby in my friend's tummy kicking for the first time. I wonder if it cares that I'm singing &quot;pokey pokey, hi baby!&quot;
@C_My_DIMPLEz @l_chelle Me either. Got sick from my meds at work. Migraine and nauseated all day long. And I can't find my debit card.
@liamadamsiii life around me. You bring out the worse in people #frustration #violence
my family felt the need to do fall/winter cleaning today!
The last @SpicksSpecksABC made my eyes get real soggy! #whyyouend!!??
nothing is worse than hearing everyone leaving for the football game while you are trying to write a paper #godeacs
@damnitjason san francisco hippies let that shit get braidable. and do braid it.
Never felt so ill in a long time and now I'm waiting in an airport to be picked up
So relieved I got that shitty seminar out of the way. Now all I have are 2 tests this week and another presentation.
Almost every girl on my TL vex tonight...
Bye bye direction la salle; squat, hack squat, ischio etc #heavy
At the eye doctor, my eyes got worse.
@PNrieslingfan @evilbottle Yeah, but people buy the same crap here; the only difference is fewer locations and limited hours.
Heard a catchy tune on the radio earlier, forgot to shazam it and now cant remember for the life of me what it went like
When I think I'm feeling better I start to feel worse
Yay for another shitty day today
only class i have today is U101 and we're going to the challenge ropes course!... which if course i cant do cause of my ankle...
Feels good being able to beat box again of having a swollen lip
&quot;There is nothing in life to take seriously except the joy of life&quot; ~Maharishi.  #love
We jus go through the motions, then emotions go in motion with then we're both pissed and say shit thats not meant to be said #Upset
Couple of douches in the back row for  and shitty sound guys were kind of distracting. A bigger venue is also needed.
depressed that i missing the AMAs :( stop tweeting @kingsleyyy you're making things worse with your necessary commentary
Sweet merciful heavens, there's a sequel!!
@vjunaid and I made these cinnamon pancakes. Enjoying it with herbal tea and oka.
Vanavond halve finale  en vanaf 6 december is het weer  time!
I never  true  until I was with u . .and I never felt true until u left me . .
I hate when people sneeze or cough &amp; don't cover up!
Im gonna make a maroon 5 kandi bracelet! Wait...i cant I dont have a 5 bead...
my older brother is in town and I get to spend time with him and his family
Going to bed early cause I have swim practice tomorrow morning before school.
@_LillyBug I can't :/ I have a respiratory infection and have to get the rest of my research together for my debate tomorrow night
Another shitty and rainy monday morning
Just noticed all of my tweets make me look so bipolar. Up down. Rollercoaster brain, cant help it.
Guess I forgot to check the weather for today...I had no idea it was supposed to snow #wherearemyuggs
@EleanorrsBOOTS well I guess some people jus dun wanna be happy.
@CubanMissile31 Good Luck!! I wanna see a picture of the baby ASAP! &amp; I cant wait for you to see the when you get back to school
falling on stage tonight - gunna pretend to plank if it happens! @aebaer thanks for the advice!!
@ItsMelanieAmaro OMG no all my family got to it before i had a chance and it was my birthday cant believe i missed out
@j_marchione okay its gunna be the best date ever i cant wait to ask you sometime this week when you least expect it
I'll be having a fantabulous week! Nobody's gonna fight the bathroom with me or scream into my face :&gt;
When your bed at home isn't as comfy as the one at school #sleepy
Everyone on the east coast is already taking their thanksgiving napsss.
He's merciful and kind, he's in my life. Divine
 Put a snake in front of me and I'll pet it... put a rat in its place and I will stop breathing...
I hear Michelle Duggar's baby passed. And that people are saying shitty things about it. I'm glad I don't see that in my stream.
This   shit has me ready to delete my twitter. Ignorance is contagious and I don't wanna risk catching it.
mr. mayo makes my cream o casserole craving so satiated
I didn't grow up as I should you (heigh) the worse: I know is all my fault
After blogging about advent calendars I cant believe I don't even have one :( I guess I'm going to have a cake bite a day!
@jChampp  RT @danecook: I just shit my pants. Pure 100% gravy.
Just got my fortune told. I'm gonna marry a slightly over weight man with blonde messy hair and a braided beard :(
Kourtney Kardashian pregnant with baby  in the same week Kim said she felt destined to never have children. #poorKim
in case we didn't need any further confirmation, Neil Warnock is utterly brainless.
Hahaha all the guys just rushed in our dorm room. We all scrambled to put clothes on.
LMAO!!  RT @danecook I just shit my pants. Pure 100% gravy.
Waking up to snow on the ground!!!!! :) hopefully, it lasts this time!
living in my room, so I dont infect anyone else.
Best part about living in Portmore, I get to leave my house at 6am! :D *sarcastic smile*
Heeft iemand van die kleine plastic cowboy en indianenpoppetjes die ergens liggen te verstoffen? Kan ze goed gebruiken!! #dtv
I'm trying to watch Water for Elephants..I just cant! Makes me sick! Worse is to know it was true what was done to those animals!
Just saw a commercial for something called &quot;Forever Lazy&quot; which is essentially a snuggie one-piece sweatsuit. Jesus.
@bartje95 @manonkimberleyx  @Celinexb @Celientje14 @leonritzen hoe maak je een enge spook? ;$
@ilovejam8 @jetfirefly @chosun888 bwahaha!! Alam ko na sagot dun pards! E ikaw? Ayaw m share sa akin plans m0? Haha :))
My mom just said I need to leave here earlier because it's supposed to snow.. #HATEsnow &#xA;Not a morning #person
Did you write that? Bro, you can post some of my tweets as your own. I don't mind. RT@DaneCook: I just shit my pants. Pure 100% gravy.
Nearly time to go for the antenatal class, cant say im looking forward to it.  Sat around making moaning noises and humming apparantly
@ChiefNiy yes...my eyes got so watery when the mom came from talking to the doc I thought Blair just lost the baby or something
I was walking through barnes and noble today and a random lady asked me if I wanted to pet the live snake wrapped around her arm.
@WhiskeyandLace1 we'l have to try new places more often. I'm a bit worse for wear though. Stomachs full of booze, hands shaking
It's good to be aware that a certain amount of is going to accompany every change in your life - change for worse or better.
This game is infuriating. We're not losing. But we should be winning by more. #godawgs
Lost my 21st birthday antique ring. Cried. Searched under bed for hours. Boy searched. Phone call from a hotel saying they had it!
I'm trying to astral project myself to Reseda.
Gonna look right now  RT @mbaileythecool: @ItsMsMurder Akon comes with changeable bar colors. Look in the box !!!
There is a cat party next door and they meow like a pack of crying babies
The farewell away game for @musicadman great lunch, on way to villa park, @whitefieldred goin doggy on back seat to fart to the front
finally back from class but no time to snuggle up in bed :(
Uh, is that like a promotion? Just when I thought I was a shitty employee.
&quot;@OMGFactsSex: A 2008 study found that self-absorbed, devious and thrill-seeking men do better with women.&quot; haha
Shoutsout to my bro @flight_webb u missed last nite me mikey spook da krew had a blast.. brooke threw mikey sum spectacular shyt!
Breaking news. Joe Paterno has treatable form of lung cancer, how much worse can it get for Joe-Pa
@chasingDisaster may +1 ka na mare. Meet ka daw nya dun sa wedding. Lol.
cant find sweaty race pics of me and  to put on fb...
What's worse than a child coughpuking in his sleep?  Discovering it the next day at supper.   #gin
@AnnabelRogue Truthfully as I get older I find much more GIVING gifts rather than getting gifts! #Christmas
MAKE NO MISTAKE:  makes absolutely shitty products that are designed to fucking fail after less than two years of use!
i'm awake why? oh...cause my phone loudly vibrated early this morning &amp; i cant go back to sleep.
The Christmas season has officially begun! Watched The Grinch with a mesmerized 2 year old grandson on my lap.
Laying under the christmas with my bff @tallylott and my retarded sister
Man y I feel bad boud dhis I tried to do wad ws right gues I'm jus kindhearted nd dnt lyk 
So far I'm hating the new look #Twitter. I have no idea where the DMs are &amp; I'm sure that function is even worse then before.
@crazysunnyme Awes don't be homesick hun!
just deleted my filled tweets. why cant ppl understand?Money wont do good when there will be no air?water?food? earth is home!
@samosa_n_soup I cant anymore D: i have to stop procrastinating and start some homework..
I'm so occupied with the fact that *insert faggots name here* is at alexas house I cant even study
Morden Warfare RT @DashCruise: JUGGERNAUT: a literal or metaphorical force regarded as mercilessly destructive and unstoppable......
I got the Dec @voguemagazine issue when I thought I wouldn't bc I forgot to reorder &amp;almost bought it td! Woohooo
And so the dawning of the much anticipated hen day/night has arrived....dun dun dun!!!!!
Just when you think the storms over and you're going to be okay a foking tornado whips outta no where and foks you up worse than before
Sat, 26 Nov, I'll be at @RockwoodMusicNY at 9pm. It's kinda my b-day (actual: 27 Nov). In honor of my 45th, I'm giving away 45s.
This would be the worse day for anyone to get blocked by @WellYoureWrong
I just don't understand why some people have to turn simple things into huge ordeals that always end with everyone being pissed of.
Am I so wrong to be so upset over my things being used in ways they were not intended to do? No longer useable!  #defiant
««« Happy thoughts cuz ima happy person!! :D cant touch this
Good morning, Twitter. It seems Wordpress is down, I have 10k to write, I'm emotionally wrecked, sleep deprived, and I lost my voice.
Lets see if this doctors appointment can make this day any worse! #LoveMyLife-___-
Thought it was my lucky day when I felt someone tickling my face this morn. Nope.. @arecewright dog just licking my face.
Mempan dunk ya ! RT @Miraayu1: Gaa mempan ! RT @Enda_ScounDrel: Ya mira kabuuur mah. Tu om sungkai kaki mira bia jatuah
Oh! I just raid these red ants can bite in our airways. They get swollen and the person will have to be hospitalized.And i ate many :(
We absolutely LOVED &quot;The Muppets.&quot; Highly recommend - had much laughter and plain old good fun! I felt like a child again!
4 dis 2days whn I felt upset, I rmber Ps @JoseCarol &amp; @wendytreat's laugh @JPCC&amp;the sermon, then I could laugh my problem.
Melbourne apartment has a double sized walk-in rain shower and a bathroom packed with Aesop goodies. Now that's what I call heaven!
I really hate you mam. You take him when the things he loves is icky. Why not let me please him so you can go be good. v.v
Lekker aan het knutselen en rijmen met een glas wijn ter inspiratie waarvoor dank @ProefOostenrijk
study study dun feel like it then what to do? EAT
@RisingGoesHam I'm gonna unscrew Shit down your throat and put your head back on
cant beleive the college football season is almost over!
@adrianisonline onga eh. october palang yata excited na tayo dun tapos di pala tayo makakasama. :'(
Baaaahahaha. Hours and hours over several months has finally come to an end product. I so wish I could show you guys what it is
It's good to be aware that a certain amount of is going to accompany every change in your life - change for worse or better. #quote
watching Easy A by my lonesome...wish I had a movie partner :/
@Miss_Brooke86 i put them in the teddy raffle prize for the blind school yer daft twat yer.
In my home Thanksgiving means your eating were eating our Thanksgiving leftovers for the rest of the week! -___- *sarcastic voice*
When u can fill the an&#xA; #pain litteraly comin frm ur &lt;3 from losin tht person tht made u happy. Yea worst thang I have ever felt.;(
Watching Polar Express for umpteenth time.       @OfficialSanta #peace #love #st.nick #northpole
Wats worse dan makin pea salad...... Eatin it
Wat a sick shitty day! Literally!!
Meditate on this: the Lord will NEVER leave you nor forsake you.. Rest assured.. Brings uncontainable unshakable
@Josepf that is true! I do tend to skip while walking, jump in puddles and giggle :-D Just like mom taught me, is contagious!
i cant wait for the future though, ive been wishing for some things but now im used to those
Great is more destructive than the sword
The sh*t has just hit the metaphorical fan
Break! When have you felt absolutely loved &amp; accepted? Remember &amp; feel it again #LJB
I hate watching fat old ladies munch on sunflower seeds.
I wake up pissed off, i go to bed pissed off.
I'm fnna be irritable as fuck this week. :)
Just got done at doc.. My neck is out of place and my back is curved.
A gloriously late morning with the children. They are being well-behaved. WHAT ARE THEY PLANNING?
Though I've never wished to enter two  in a single day  and  is worth the I felt for society
Still not dressed!!  Need to write a list that is as long as a piece of string!  ohhh need to find a victorian Costume for Sat &amp; Sun...
@FahimaV  he the had the cheek to look @me and smirk, I swear when I catch the guy who chilled chivalry I will actually kill them!
&quot;and #Love r powerful motivating forces. One inspires selfishness, the other altruism.&quot;
Greatest fear in life Someone will find a way to retrieve everything I’ve ever googled.  #karam #2ostor3alyaYestor3aliekRabena
great parade in hawaii :) gna be sad leaving lando behind tmrw but i cant wait to get home!
Ate a slice of pizza and I've never felt so  before in my life.
Just had a cheeky 45 minutes nap at work ,Only problem now is im more tired than before
Apparently I am reacting to something, not sure what, but I am...hands are swollen, and it's in one eye *fuck*
I cant see an Alvin and the Chipmunks commercial without missing my best friend.
i can hardly describe how i felt when i saw that play forming, happening.
cant wait to see @Ana_Babby tomorrow morning
Dudes cant even appreciate having a girl without tryna be thirsty and talk to other girls on the side
when you spend enough time thinking, youll realize decisions never get easier and bad news only gets worse
Party cut short... We felt like baba was passing judgement on us
Oh, and I have a lovely swollen eye and its completely red
Don't shit me nor #shock me nomore.. I could #careless bout yU &amp; yo #feelins.. Ion give a fuck!!
cities deserve to overcharge  by $1000s for park cleanup &amp; bail for peaceful protests. the OT bill to protect &amp; serve is steep!
I feel like a baby face without my nappy beard
@Lexie_Lawhon @caroline_heavey @nikimerkle bad news guys:( i cant go annymore! i have to pic up my sis from the airport:( sorry!:(
@ChelseaHolman did that this morning, except it was one of those weird revolving-door types.
@AllieMarlin great minds think alike. Especially those belonging to soulless victims of chem lab
@melbomartin Yep. Grass season here now, pine pollen season in Jan-Feb (which is usually worse for me)
time for christmas lights- cleaning the room &amp;adding a touch to @sampsonbee gift cant wait for tonight! @nicolebell9 @mackk @erinmchugh
I've paced distraught as a motherless child hunched and heavy hearted
@TheBodyShopUK at christmas, is lots of sparkly things twinkling away &amp; looking magical
@nicklewisbryan yeah that ain't good mate. I feel like I'm gonna shit myself any second
I just shit my pants. Pure 100% gravy.
Fever; swollen throat; sinuses suck! &amp; plus basketball game tomorrow...
ugghh i cant believe Rachel Crow left the XFactor!!! she wuz mehh fave...
Is there any way to tell the man you're in love with that you're ten years older than that wont hurt him?
@sumayapapaya weird, i've been reading 79.5% this morning. Either way, I'm not sure I'm comfy w/ a majority telco ownership.
...or even worse: when they get them and then just read them to me over the phone!
&quot;...I see no foe, I am related to the earliest times...and the latest...&quot;
Vorrei con me nel mio lettino e addormentarmi con il suono dolce delle sue #fusa &lt;3
I'm so comfy in my new pajama pants. Now time to hibernate. Working again tomorrow.
Had a tweet 'favourited' earlier, never felt such
It's hard to except failing at something, but I think it's harder facing and excepting never trying.
Break! When have you felt really free &amp; open? Remember it now. Relive the experience &amp; feel that freedom. #LJB
Its such a pain having a terrible short term memory i cant remeber what i was going to tweet :(
This is seriously way too cute......hehehe cant wait to give this to give this to him on christmas!!!!
@caramorris_ its not been too bad, but I think walking all day hasn't helped so its now throbbing &amp; swollen:/ &amp; I've got work tomorrow!
Ok.just had a wee and someone had pissed on my bathroom floor and its soaked into the bottom of my trousers.
The of Life indeed when we prove to them that WE CAN be or do things we cant. But tat doesn't mean u succeed with/o making #mistakes :)
@TheBodyShopUK  Spending time with my 1 year old niece truly brings me jpy. She's always chirpy and can make smile however low I feel x
Merry Christmas to all my tweet peps!  10 days to go home yay cant wait  #happiness
Wishing you like a bubble, floating &amp; free, &amp; #love that sets your heart afire with the truth of who you are. #YDB #blessing
Dropped my phone in coffee shitty dat
@WBCVideo &amp; why wouldn't you? I saw the documentary. Those beautiful WBC girls sound evil when they cackle about being glad ppl die
Break! What have you celebrated in your life? Remember the joy you felt in celebration. #LJB
@MelMatrix_ ohh , well I cant even go cause my mom took the car back :( CTFU
my  on people &amp; things are so  people cant grasp nor understand so they it because of their #ignorance
Funny how I've felt terrible most of the day, but I've been laughing twice as much :-)
i cant eat cause  i got to make weight
I thought this would be worse, but it's actually not too shabby.
worried that ive done somethg grievous to offend my  trainer considering the sadistic training prog he has just done me!
Hope both feel better soon! RT @lezbionic: Bronchitis for me. Upper respiratory infection, sinus infection AND bronchitis=wifey.
Took a nap because I wasn't feeling good then woke up feeling even worse. :|
Does not matter how many times i shower i cant wash off the gads.
When people pass on to a new  there are two emotions that are felt.  and #Happiness.  For they are gone but in a better place
About to gargle this salt water
@TexMex817 Such a shame to go from great hope several months ago to #suddenandrelentlessdisappointment
@jessica_sara i've just spend the day applying for jobs and getting back to several people productive but in an entirely different way
HAIL NAH!! LOL RT @danecook: I just shit my pants. Pure 100% gravy.
Hoop maar dat mn man me het in dank gaat afnemen,....... met knipoog
I guess we share the same idiotRT @Nadia_Nabil: I think I need glasses. Everywhere I look, people are two-faced!!
I don't know was worse my  or my actions after my kicks in
Zoon heeft een super gave gemaakt. Mag 'm alleen niet op Twitter zetten. Zijn reden? 'Anders is het toch geen surprise meer..!!'
gonna have to go to bed angry now. angry steve
I thought it cudnt get worse and guess the fuck what...
Today happened the worse thing ever: I saw you with another girl. It hurts so bad.
@Hoper16 I'm going to bed early so I can deal with losers like you all day tomorrow #goodnight
The smells of private study rooms never cease to amaze.
I just shit my pants. Pure 100% gravy.
@XboxSupport I have no net issues, got dison due to update, went to download, won't download now I cant even connect to xbox live. ..
It's not shit like watching the one thing you don't want to happen happen... And worse than you expected
Looks like imma be taking a cold long walk to the kitchen! *sarcastic voice* -_____-
@arianecdesign XOXOXO and a SLAM DUNK!  #happiness and no screaming bratty kids!
That heartwarming feeling you get when your mother smiles that hugw smile she always tries to hide
Taking showers in a danky motel room. Nothing is worse. &quot;I don't know what im going to miss more the jizz pillow or the hair towel&quot;
I enjoy not being that drunk annoying screaming In your ear slutty retarded dumb ass haggard looking girl at the bar. #ew #toosober
Fat lip &amp; swollen jaw
I cant learn for latin :/ RT @DemiForeverx3: Have to learn for history... But I can't concentrate on it because I think I'm bipolar...
One of the few people that cant go out because of work on thanksgiving
so anxioussss i cant wait to buy these damn things !
Finally encountered an economic think tank that doesn't require a masters/PhD. Definitely a good look :) Macro not micro too
My iPhones back but sensor is still busted, so will forever be putting calls on hold, mute, loud speaker or just hanging up on everyone
cant wait for my birthday weekend away with @philaspin :)
On a brighter note, I just looked up at the dented ceiling where I jumped into it when big Lafferty scored at Rugby Park last season.
I still don't know how I feel about college or just gettin older
What u be AFRAID of is never as bad as what u imagine! The u let build up in ur mind is worse than the situation that actually exists!
Might be slightly addicted to Skyrim... I need to kill stuff!! #violence
yawn, gonna tell im gonna be asleep by 10 tonight
Another day of school with people I cant stand! (:
why cant it just be warm out? I miss summer so so so much.        :( :( :( :(
Pdf file I printed from is fine, how did this even happen? Just got to hope it's just mine that went awry :s #panic #shame
@NicolaSigley no way, OMG, I am going back Friday with Chris again &quot;cheeky grin&quot;
....... THE CHAMP IS HERE ......... (Josh, never fails to amaze!) madd love for my little MAN.  Great f'n day altogether.
Scared to get up in th morning incase i cant walk
One of my greatest fears in life is that someone will find a way to retrieve everything I've ever googled.
The overwhelming i felt when #coldplay sang a second song. The only good thing #xfactor has done this year is get them on the show. &lt;3
Daughters indoor soccer opponent no show. Dads take role of opposing team. Suffer humiliating 7-5 loss to 7th grade girls
@erin_florence : i grew some balls today. did the unexpected. i failed at the challenge. my balls have shriveled.
@MapleLeafs I don't know what's worse: Dion's hit or that no one dared try to retaliate #DionDemandsRespect
My mouth is more swollen today than it has been.
i cant help but 2 think abt ppl who are alone 2day or without food 2 eat! I pray God brings them &amp; Provides all they need!!!
an oversized load truck almost ran me off the interstate this morning. I wish it had.
i cant even c myself even hittn the follow button to follow yo ignorant ass back!
cant stand the music on the sky movies advert. especially @ the colin firth scene
When I text like 3 pages worth of feelings &amp; you reply with a shitty ass &quot;sorry&quot; &gt;&gt;&gt; #Sike
Wow that was a really shitty move... Least you can do is tell me your taking the car and I gotta find my own way to work pops.
shitty weekend about to be followed by a shittier week
Lmfao RT@danecook: I just shit my pants. Pure 100% gravy.
met a lot of ma  mates online and i cant express ma in #words #DatusBubiashie 2005 batch #love u all to the #max
felt like a kid again during todays mental moment with KD and Jello!
5th Wed of the month = no new comics...satiated with fruit snacks, Cheerwine, and Young Justice
Have a merry one ;-) RT @kcarruthers: &amp; so the Xmas drinks season begins, there's several functions on every night between now &amp; Xmas
I cant control my once im mad its hard for me to cool off
Since morning,my body has felt two electric shock while touching.!
Off to snuggle a four year old. Best part of the day.
Doc visit=Bronchitis for me. Upper respiratory infection, sinus infection AND bronchitis=wifey.
Too much coffee has given me a caffiene headache. This is worse than being half asleep.. I'm trying to write a fucking essay!!!
On the road listening to some groovy sounds breathing love with the beautiful sunrise #gratitude #love
Little prepubescent rhino looking girl on the bus bullying another girl! What a tosser. You make me want to mentally fuck you up.
I have to admit, I really hated  until of course they came out with good remixes of her depressing, whiny songs.   #NGAGE
@Tweak81 fucking sparkly shit that makes them look like they've had a run in with a snowglobe. xx
ok i still cant find my car max building up
awesome, angelic attitude... chin UP... reciting the beatitudes, eyes closed to malevolence, Eye open in gratitude. #inbloom
Now for a shitty bus journey consisting of a strangers arse in my face.
I don't wanna jinx it, but I'm having a great week so far. Life's on the uphill. Fingers crossed that it stays that way.
Just found out im having my wisdom teeth out december 21st. Only good part is i get a longer christmas break.
@USMCNamVet1968 went to dinner alone at friends new restr..reneged invite by pseudo 'christians', hated by some for boldness in Christ
If anyone else but u had said that, I would have tweet-bitched u out. RT @danecook: I just shit my pants. Pure 100% gravy.
- cant wait to see these beautiful faces at parkview tomorrow !
Friday night.. and rather than being excited to get pissed.. im sitting on ma laz at home..
@shaymitch Wow orange is just not you girls color Could be worse those #Stripes lol
management for 4 years didn't help me at all I think it made it worse!
A great day--my 82-year-old mother tried acupuncture for neck &amp; arthritis pain &amp; felt the benefits after her first session!
The trouble with normal is it always gets worse.
Christmas presents get worse and worse as you get older, bring on this years presents..no clue what I'm getting!
@MrChrisRene @TheXFactorUSA I have never felt so much at someone elses success I truly love #chrisrene from the bottom of my heart&#xA;#LL
Trying to understand  H8'rs: &quot;I got mine&quot; isn't enough, they are compelled to heckle? WTF is up w/that?   #panic
So Freakin Happy Rite Now.! Words cant even describe it.! :)
hey @fuentes0509, lets go TROLLING! lmaaaaoooo (btw look at this guys bare crusty feet on our carpet! OMMFFFGGG !!!)
But hello world and I'm back at work now, except that my husband seems to have consumed the last Coke Zero.  #AMSLEEPY
&quot;Till He appeared and the soul felt its worth.& thrill of hope, the weary soul rejoices&quot;  #itsonlythe10th @NPoleAthBranch
@VictorRizzuto if i ever hear your sister hearing i will be so pissed.
i cant keep a serious face when people ask me a serious question and when i tell them the truth they dont believe me..#notgood
@sarahhstifflerr we cant come..my mom didn't make it home and we didn't have a ride..
Privy Council email warns me desperate ppl leave baby seats on Hwy and throw egg at cars so they can carjack  #crimebill
Well, My car is total wrecked.. Miss it already.. Pff..
@Shayla_Khalifaa guh n tha was in the cafe soo jus imagine how i felt o_O
SMH...lol RT @StephDAbrahams: Best part about living in Portmore, I get to leave my house at 6am! :D *sarcastic smile*
I remember Mitzy dancing around my feet as I hallucinated vividly on some rather nice mushrooms. I felt very entwined with her.
@BenLaBolt @ppppolls Tea Party does badly after yrs of the msm calling them bigots and racists (anti-semitic ows'ers are praised)
Have a funny feeling its gonna be a shitty day
Lousy pay slip, shitty system at work christmas will be shit
cant wait for my tonight from #oomf... said expect the unexpected -this should be interesting.
@TheBodyShopUK sitting by the fire, with my family, all cosy watching Christmas films. The simple things!
Hein quoi? Rendez vous chez la boutique de scoot pour poser un coffre à 9h? UN SAMEDIIII? Mais vous êtes cinglé? Je dors quand ??
Hahahaha RT @danecook: I just shit my pants. Pure 100% gravy.
@CrAvEMiTh0uGhTs haha u shouldnt be. I'm being my moms taxi because she just had surgery n cant drive so I bring her where she gotta go
So now I am doomed to forget something. I just have that shitty luck.
Gym was a bad idea. Just spewed. Away to the beach. Maybe salt water will help with the HastaLaVista.
I love to fart in my hand and then put it in my girlfriends face
I don't think there's anything worse than being sick on thanksgiving.
I don't know what's more sad - that I asked my brother to drive me somewhere or that I'm 3 years older and don't even have a G1
@TheBodyShopUK playing with my nine month old nephew, when he you make him smile/laugh, it is the BEST feeling!
im still majorly depressed that i have lost my maths book..i sound like a right boff but i cant find it any where
@morganzalot the police need to stop being pussies and clear them dirty fucks out...if i was in that traffic id be pissed
sounds so amazing right now! holy cow i cant waitt! #iloveourclan
Hear Shit Disturbing cat making noise downstairs. Fear the worse. #cats #kitten #shitdisturber
fell asleep. What felt like hours was only half an hour.
I cant find my remote and i dont wanna watch this channel :(
I often wonder about married people codescending to me by extolling virtues of being single while being within their comfy marriages.
@BronwynHinz and that is why paediatric nursing/ physio/ medicine is a discipline where you need a wealth of heart and courage.
I hate those snotty T shirts that parents buy for their little kids.
Me: Boy I cant wait to sleep in my own bed THEN.... when your parents change your mattress ???? #Boo
@ItsMsMurder Akon comes with changeable bar colors. Look in the box !!!
She Women share on of selling. We undersell our worth &amp; value. Leads to missed opportunities, limits sales &amp; forms a neg cycle.
@Kiryatraber love me some unhurried morning! savoring light, clarity, intention, practice, spaciousness.  #breath
This is the second day in a row I've felt like this. Damn you hangovers!!   #Urges
My Moma didn't have to whoop me, @bridgettenp or @MistaBlock. She just laid the belt on the table &amp; we all knew what that meant.
Can't wait to squat today...
I gag in myself wenever i hear my parents say &quot;sexci&quot; =/
@cortneybuccii i cant do it I honestly dont think Im going to make it through the rest of the year..and idk how to do the outline
@siburke939 fuck me they not going to kill me off are they? yes I think we are screwed honey, cant bring self 2get in touch with them.
Im gne b at wrk allday till 12  im gne b tired cant wait to go to doc tuesday
i can hardly describe how i felt when i saw that play forming, happening.
I'm now feeling worse than I did when I awoke. I need to be held. #NeverAgain
@TJsnipes hahaha so pissed today, so pissed yesterday
Greaaat, my older sister is coming!! (sarcasm)
in a shitty mood. wish i went to swim team. too many tests. wasting my damn time.
I always panic when mum, dad or the teacher says &quot; come here OR we need to talk!&quot;
So i cleaned my room today.... And now i have so much scrapbook stuff out i cant walk through my room. &amp; My floors covered in glitter.
Not looking forward to &quot;buck wild&quot;.. It's just gonna make teens in WV look dumb and unintelligent..
oke waarom is het zo moeilijk om een sinterklaas cadeau te kopen....... 1 nagellak is dat niet een beetje lullig ? -_-
Why won't buttonMode=true and useHandCursor=true work on any of spark components. This is infuriating.
It's Monday morning after a couple of relaxing days.... Already hate it... To make things worse... I'm stuck in traffic!
I wish these next few weeks could fly by so that it could be Christmas Break.   cant wait for Christmas
There is a medium sized child creeping down the stairs right now who thinks I cant hear them!
@karen_greaves SDLC doc'd in 140 or fewer: Vision, User Story, Conversation, Test, Build, Done, Deploy, Enjoy! #agile #xp #scrum #done
@Rollpride_33 catty and i will be there #numberonefans ... i want a roll pride t-shirt. promise i'd wear it
I am so pissed off right now. Ready to kill.
I'm afraid of being alone for too long. I'll read too much news and drown in my own tears  #help
Going to bed early for community service in the morning
I just shit my pants. Pure 100% gravy.
i love how i always think I'm gonna have a great day. nothing ever happens like i think it will. another shitty dayy
 then off to bed... Not looking foward for tomorrow! Waking up @ 7am &amp; having to deal with skanky alty kids.
Have seen Fashion, WYR, Kaminey.. and yet her gutsy approach to Susanna took me aback. PRIYANKA in 7 Khoon Maaf
Oh god, I just got a papercut and now I'm afraid to stretch my hand in any way that could make it worse.
No  tonight because of shitty england playing a match. #hate
Wat a night?! I feel like iv been ran over several times by a 10 tone truck!  #help
Last year it really touched my heart to know that so many people went out, purchased items and shipped it. We all felt the same thing:)
 is a huge word in my life right now... Trying to downsize on
I love paying several thousand £'s a year to be left waiting on a cold platform day after day for delayed and today cancelled trains.
Fatch, ma voisine de train utilise Matlab Ça pique les yeux ^^
Checked yesterday with Ikea Homebush 2C if they had stock, they did. Drove out today only to be told cant sell due to quality control
In unashamed tears on the bus at the news that my nephew, Sam, arrived safe and sound half an hour ago.
@shannonwhite26 so...all I could find was that AJ Cook was fired bc the producers felt her character expendable.
My eyesight is getting worse I need my glasses to watch tv!!! Ugh
 I haven't felt this great for quite sometime! Sheer from my inner most being! ❤
I don' think I can put my onto canvas as its a destructive anger. I'll just punch and trash the canvas to pieces.
RT@danecook: I just shit my pants. Pure 100% gravy.
@_screaming4help Like you busted this nigga Bubble I felt so badd.. lls. Oh and Mess w my bestfriend and u will get castrated outchea!
thought havin everything would ease my mind..only if u could read my mind..my god, im scarred, i have tattoo tear of
Dude seriously I think everyone shits themselves on thanksgiving :)RT @danecook I just shit my pants. Pure 100% gravy.
I'm Jus tryin feel a lil cause I felt so much #Pain niggas would cross yu for personal #Gain
Mom making excuses so i cant get a new phone?
I'm Jus tryin feel a lil cause I felt so much #Pain niggas would cross yu for personal #Gain
Breakfast consumed, dishes done, dog fed. Sitting on the floor reading with a napping pup tangled in my legs, hot cuppa tea next to me.
Help make a better haunted house what  you #haunted #hauntedhouse #oklahoma poll.pollcode.com/iV4T
In the midst of an exciting  win, I baked the whole night away. Now I'm gonna snuggle on the couch with hot peppermint cocoa
cant wait for my friends to see the the twins and I did for them! :D
Sunday nights are the worse. I hate school
@LouiseTynan they are worse than awful !! cunts deserve to have their balls cut off
Now I know how she felt when we hit right into a selfish person spot on.
Black is no longer beautiful to the masses in world where we are surronded by artificial hair, bleached skin and fake asses.
LMFAOO i love you dane cook&lt;3RT @danecook: I just shit my pants. Pure 100% gravy.
is adaptive. Without it, we would perish as a species. Fear of fear, the unwillingness to experience irrational fear, is #anxiety.
@keder Why does  employ @AlecBaldwin? Guilty of child abuse! A   of self-centered consumption. #blind #rage
There is little that is worse then the blank Microsoft Word page to the college student... worse when deadlines loom
It felt really good. you know the idea Jesus first Yourself last, Others in between
Im addicted to getting tested.my doc tired of seeing me. And I dont even get sex like I would want it..
Went into the woods for a photo shoot and I got burs all over my Dior Homme scarf. I am pissed. #NatureIsSatansChurch #DiorHomme
Sitting at statcare..and they are making me ware a sick mask..
Heading to bed the earliest I've done in a long time. Work begins at 8. Alarm goes off at 5.
I don't know why but, I felt like my heart tore into pieces. It's hurt. I felt unlucky D': #emo
i cant wait to work tomorrow, wednesday, thursday, friday, and saturday.........
This cold weather is perfect for cuddling with your sweetheart...too bad I don't have one to snuggle with :(
Super pissed! Tore my favorite fucking Polo today!
Just shit my pants. Pure gravy 100%
Cheeky full English in a cheeky cafe with @HazzObezz
Or for that matter &quot;Awesome&quot;. Save yourself and I sometime and don't bother sending me your shitty sales pitch.
 something mouldy and oldie cause i cant put new music on my ipod
Verse 73.2 Why do I not overthrow my anger, Cause of future sorrows in infernal torment?~Shantideva   #with #patience
